<?xml version="1.0" encoding="UTF-8"?>
<!-- Generated by org.testng.reporters.JUnitReportReporter -->
<testsuite hostname="DESKTOP-6ULK7M6" failures="0" tests="1" name="DemoJenkins.JenkinsTC1" time="0.010" errors="0" timestamp="2023-01-10T13:03:52 IST" skipped="0">
  <testcase classname="DemoJenkins.JenkinsTC1" name="m1" time="0.010"/>
  <system-out>
    <![CDATA[hello
helloBabu
gopi]]>
  </system-out>
</testsuite> <!-- DemoJenkins.JenkinsTC1 -->
